2021-07-06 09:26:02,109 [INFO] [MainThread] [check_settings] The chosen settings are valid.
2021-07-06 09:26:03,529 [INFO] [MainThread] [read_csv_file] Reading csv file '../z_Data-Sources/5-Kyoto/5-Kyoto-Data.txt'.
2021-07-06 09:26:03,907 [INFO] [MainThread] [read_csv_file] Extracted 367574 data points from csv-File on disc in 0.4 seconds
2021-07-06 09:26:04,429 [INFO] [MainThread] [perform_process_model_discovery] ################# Start iteration 1 of 200 #################
2021-07-06 09:26:04,429 [INFO] [MainThread] [perform_process_model_discovery] Using the following parameters: clustering_method=k-Means, event_case_correlation_method=current, hyp_number_of_clusters=9, hyp_number_of_day_partitions=4, hyp_week_separator=None, number_of_activations_per_trace=45, trace_duration=1440, trace_partition_method=RoomsSimple, vectorization_type=time, zero_distance_value=1
2021-07-06 09:26:07,747 [INFO] [MainThread] [convert_raw_data_to_event_log] Transforming log took 3.3 seconds.
2021-07-06 09:26:07,750 [INFO] [MainThread] [write_csv_file] Writing csv file to disk '../z_Data-Sources/5-Kyoto/runtime-files/2021-07-06_09-26-04/traces_raw.csv'.
2021-07-06 09:26:08,520 [INFO] [MainThread] [convert_raw_data_to_event_log] Traces were saved as csv file '../z_Data-Sources/5-Kyoto/runtime-files/2021-07-06_09-26-04/traces_raw.csv
2021-07-06 09:26:08,527 [INFO] [MainThread] [param_combination_already_executed] The current rooms simple trace partition parameter combination was already executed in previous iterations or other runs.
2021-07-06 09:26:08,534 [INFO] [MainThread] [partition_log_into_traces] Imported raw traces from '../z_Data-Sources/5-Kyoto/ecc/trace_partition/method-RoomsSimple/'
2021-07-06 09:26:15,875 [INFO] [MainThread] [create_activity_models] Saved directly follows graphs for each cluster into '../z_Data-Sources/5-Kyoto/runtime-files/2021-07-06_09-26-04/directly_follows_graphs/'.
2021-07-06 09:26:15,970 [INFO] [MainThread] [create_process_model] Exported log export into '../z_Data-Sources/5-Kyoto/runtime-files/2021-07-06_09-26-04/afternoon-log_export.xes'.
2021-07-06 09:26:16,466 [INFO] [MainThread] [create_process_model] Saved directly follows graph into '../z_Data-Sources/5-Kyoto/runtime-files/2021-07-06_09-26-04/directly_follows_graphs/afternoon-DFG.png'.
2021-07-06 09:26:16,485 [INFO] [MainThread] [apply_miner] Applying heuristic miner to log.
2021-07-06 09:26:16,495 [INFO] [MainThread] [apply_miner] Done with heuristic miner.
2021-07-06 09:26:16,939 [INFO] [MainThread] [apply_miner] Exported petri net image file into '../z_Data-Sources/5-Kyoto/runtime-files/2021-07-06_09-26-04/petri_nets/afternoon/afternoon-ProcessModelHM.png'.
2021-07-06 09:26:16,948 [INFO] [MainThread] [apply_miner] Exported petri net pnml file into '../z_Data-Sources/5-Kyoto/runtime-files/2021-07-06_09-26-04/petri_nets/afternoon/afternoon-petri_net.pnml'.
2021-07-06 09:26:16,948 [INFO] [MainThread] [apply_miner] Calculating entropia:Precision.
2021-07-06 09:26:18,653 [INFO] [MainThread] [apply_miner] entropia:Precision could not get calculated. The result is set to 0. The error was: b'Exception in thread "main" java.lang.NullPointerException\n'b'\tat org.jbpt.pm.quality.AbstractQualityMeasure.computeMeasure(AbstractQualityMeasure.java:158)\n'b'\tat org.jbpt.pm.tools.QualityMeasuresCLI.main(QualityMeasuresCLI.java:402)\n'
2021-07-06 09:26:18,654 [INFO] [MainThread] [apply_miner] entropia:Precision calculated: 0
2021-07-06 09:26:18,655 [ERROR] [MainThread] [hyperopt.fmin] job exception: 'int' object has no attribute 'values'
2021-07-06 09:29:14,340 [INFO] [MainThread] [check_settings] The chosen settings are valid.
2021-07-06 09:29:15,576 [INFO] [MainThread] [read_csv_file] Reading csv file '../z_Data-Sources/5-Kyoto/5-Kyoto-Data.txt'.
2021-07-06 09:29:15,915 [INFO] [MainThread] [read_csv_file] Extracted 367574 data points from csv-File on disc in 0.3 seconds
2021-07-06 09:29:16,409 [INFO] [MainThread] [perform_process_model_discovery] ################# Start iteration 1 of 200 #################
2021-07-06 09:29:16,409 [INFO] [MainThread] [perform_process_model_discovery] Using the following parameters: clustering_method=k-Medoids, event_case_correlation_method=current, hyp_number_of_clusters=9, hyp_number_of_day_partitions=1, hyp_week_separator=None, number_of_activations_per_trace=15, trace_duration=1440, trace_partition_method=FixedActivationTime, vectorization_type=quantity, zero_distance_value=1
2021-07-06 09:29:19,671 [INFO] [MainThread] [convert_raw_data_to_event_log] Transforming log took 3.3 seconds.
2021-07-06 09:29:19,673 [INFO] [MainThread] [write_csv_file] Writing csv file to disk '../z_Data-Sources/5-Kyoto/runtime-files/2021-07-06_09-29-16/traces_raw.csv'.
2021-07-06 09:29:20,391 [INFO] [MainThread] [convert_raw_data_to_event_log] Traces were saved as csv file '../z_Data-Sources/5-Kyoto/runtime-files/2021-07-06_09-29-16/traces_raw.csv
2021-07-06 09:29:20,414 [INFO] [MainThread] [partition_log_into_traces] Performed FixedActivationTime trace partition. Exported raw traces into '../z_Data-Sources/5-Kyoto/ecc/trace_partition/method-FixedActivationTime/trace_duration-1440/'
2021-07-06 09:29:35,728 [INFO] [MainThread] [create_activity_models] Saved directly follows graphs for each cluster into '../z_Data-Sources/5-Kyoto/runtime-files/2021-07-06_09-29-16/directly_follows_graphs/'.
2021-07-06 09:29:36,437 [INFO] [MainThread] [create_process_model] Exported log export into '../z_Data-Sources/5-Kyoto/runtime-files/2021-07-06_09-29-16/None-log_export.xes'.
2021-07-06 09:29:37,045 [INFO] [MainThread] [create_process_model] Saved directly follows graph into '../z_Data-Sources/5-Kyoto/runtime-files/2021-07-06_09-29-16/directly_follows_graphs/None-DFG.png'.
2021-07-06 09:29:37,128 [INFO] [MainThread] [apply_miner] Applying heuristic miner to log.
2021-07-06 09:29:37,223 [INFO] [MainThread] [apply_miner] Done with heuristic miner.
2021-07-06 09:29:37,893 [INFO] [MainThread] [apply_miner] Exported petri net image file into '../z_Data-Sources/5-Kyoto/runtime-files/2021-07-06_09-29-16/petri_nets/None/None-ProcessModelHM.png'.
2021-07-06 09:29:37,899 [INFO] [MainThread] [apply_miner] Exported petri net pnml file into '../z_Data-Sources/5-Kyoto/runtime-files/2021-07-06_09-29-16/petri_nets/None/None-petri_net.pnml'.
2021-07-06 09:29:37,899 [INFO] [MainThread] [apply_miner] Calculating entropia:Precision.
2021-07-06 10:26:50,186 [INFO] [MainThread] [check_settings] The chosen settings are valid.
2021-07-06 10:26:51,370 [INFO] [MainThread] [read_csv_file] Reading csv file '../z_Data-Sources/5-Kyoto/5-Kyoto-Data.txt'.
2021-07-06 10:26:51,716 [INFO] [MainThread] [read_csv_file] Extracted 367574 data points from csv-File on disc in 0.3 seconds
2021-07-06 10:26:52,163 [INFO] [MainThread] [perform_process_model_discovery] ################# Start iteration 1 of 200 #################
2021-07-06 10:26:52,164 [INFO] [MainThread] [perform_process_model_discovery] Using the following parameters: clustering_method=k-Means, event_case_correlation_method=current, hyp_number_of_clusters=7, hyp_number_of_day_partitions=1, hyp_week_separator=workday, number_of_activations_per_trace=45, trace_duration=1680, trace_partition_method=RoomsSimple, vectorization_type=quantity_time, zero_distance_value=1
2021-07-06 10:26:55,276 [INFO] [MainThread] [convert_raw_data_to_event_log] Transforming log took 3.1 seconds.
2021-07-06 10:26:55,277 [INFO] [MainThread] [write_csv_file] Writing csv file to disk '../z_Data-Sources/5-Kyoto/runtime-files/2021-07-06_10-26-52/traces_raw.csv'.
2021-07-06 10:26:55,979 [INFO] [MainThread] [convert_raw_data_to_event_log] Traces were saved as csv file '../z_Data-Sources/5-Kyoto/runtime-files/2021-07-06_10-26-52/traces_raw.csv
2021-07-06 10:26:55,984 [INFO] [MainThread] [param_combination_already_executed] The current rooms simple trace partition parameter combination was already executed in previous iterations or other runs.
2021-07-06 10:26:55,992 [INFO] [MainThread] [partition_log_into_traces] Imported raw traces from '../z_Data-Sources/5-Kyoto/ecc/trace_partition/method-RoomsSimple/'
2021-07-06 10:27:00,820 [INFO] [MainThread] [create_activity_models] Saved directly follows graphs for each cluster into '../z_Data-Sources/5-Kyoto/runtime-files/2021-07-06_10-26-52/directly_follows_graphs/'.
2021-07-06 10:27:00,923 [INFO] [MainThread] [create_process_model] Exported log export into '../z_Data-Sources/5-Kyoto/runtime-files/2021-07-06_10-26-52/weekday_-log_export.xes'.
2021-07-06 10:27:01,353 [INFO] [MainThread] [create_process_model] Saved directly follows graph into '../z_Data-Sources/5-Kyoto/runtime-files/2021-07-06_10-26-52/directly_follows_graphs/weekday_-DFG.png'.
2021-07-06 10:27:01,379 [INFO] [MainThread] [apply_miner] Applying heuristic miner to log.
2021-07-06 10:27:01,390 [INFO] [MainThread] [apply_miner] Done with heuristic miner.
2021-07-06 10:27:01,776 [INFO] [MainThread] [apply_miner] Exported petri net image file into '../z_Data-Sources/5-Kyoto/runtime-files/2021-07-06_10-26-52/petri_nets/weekday_/weekday_-ProcessModelHM.png'.
2021-07-06 10:27:01,782 [INFO] [MainThread] [apply_miner] Exported petri net pnml file into '../z_Data-Sources/5-Kyoto/runtime-files/2021-07-06_10-26-52/petri_nets/weekday_/weekday_-petri_net.pnml'.
2021-07-06 10:27:01,782 [INFO] [MainThread] [apply_miner] Calculating entropia:Precision.
2021-07-06 10:51:47,057 [INFO] [MainThread] [check_settings] The chosen settings are valid.
2021-07-06 10:51:48,208 [INFO] [MainThread] [read_csv_file] Reading csv file '../z_Data-Sources/5-Kyoto/5-Kyoto-Data.txt'.
2021-07-06 10:51:48,569 [INFO] [MainThread] [read_csv_file] Extracted 367574 data points from csv-File on disc in 0.4 seconds
2021-07-06 10:51:49,013 [INFO] [MainThread] [perform_process_model_discovery] ################# Start iteration 1 of 200 #################
2021-07-06 10:51:49,013 [INFO] [MainThread] [perform_process_model_discovery] Using the following parameters: clustering_method=sklearn-SOM, event_case_correlation_method=current, hyp_number_of_clusters=16, hyp_number_of_day_partitions=1, hyp_week_separator=None, number_of_activations_per_trace=35, trace_duration=120, trace_partition_method=FixedActivationTime, vectorization_type=quantity, zero_distance_value=1
2021-07-06 10:51:52,053 [INFO] [MainThread] [convert_raw_data_to_event_log] Transforming log took 3.0 seconds.
2021-07-06 10:51:52,055 [INFO] [MainThread] [write_csv_file] Writing csv file to disk '../z_Data-Sources/5-Kyoto/runtime-files/2021-07-06_10-51-49/traces_raw.csv'.
2021-07-06 10:51:52,772 [INFO] [MainThread] [convert_raw_data_to_event_log] Traces were saved as csv file '../z_Data-Sources/5-Kyoto/runtime-files/2021-07-06_10-51-49/traces_raw.csv
2021-07-06 10:51:52,777 [INFO] [MainThread] [param_combination_already_executed] The current fixed activation time trace partition parameter combination was already executed in previous iterations or other runs.
2021-07-06 10:51:52,780 [INFO] [MainThread] [partition_log_into_traces] Imported raw traces from '../z_Data-Sources/5-Kyoto/ecc/trace_partition/method-FixedActivationTime/trace_duration-120/'
2021-07-06 10:51:59,975 [INFO] [MainThread] [choose_and_perform_clustering_method] Clustered data into 16 clusters using a 4x4 sklearn SOM.
2021-07-06 10:52:08,521 [INFO] [MainThread] [create_activity_models] Saved directly follows graphs for each cluster into '../z_Data-Sources/5-Kyoto/runtime-files/2021-07-06_10-51-49/directly_follows_graphs/'.
2021-07-06 10:52:08,696 [INFO] [MainThread] [create_process_model] Exported log export into '../z_Data-Sources/5-Kyoto/runtime-files/2021-07-06_10-51-49/None-log_export.xes'.
2021-07-06 10:52:09,247 [INFO] [MainThread] [create_process_model] Saved directly follows graph into '../z_Data-Sources/5-Kyoto/runtime-files/2021-07-06_10-51-49/directly_follows_graphs/None-DFG.png'.
2021-07-06 10:52:09,295 [INFO] [MainThread] [apply_miner] Applying heuristic miner to log.
2021-07-06 10:52:09,528 [INFO] [MainThread] [apply_miner] Done with heuristic miner.
2021-07-06 10:52:10,529 [INFO] [MainThread] [apply_miner] Exported petri net image file into '../z_Data-Sources/5-Kyoto/runtime-files/2021-07-06_10-51-49/petri_nets/None/None-ProcessModelHM.png'.
2021-07-06 10:52:10,537 [INFO] [MainThread] [apply_miner] Exported petri net pnml file into '../z_Data-Sources/5-Kyoto/runtime-files/2021-07-06_10-51-49/petri_nets/None/None-petri_net.pnml'.
2021-07-06 10:52:10,537 [INFO] [MainThread] [apply_miner] Calculating entropia:Precision.
2021-07-06 10:52:52,359 [INFO] [MainThread] [apply_miner] entropia:Precision could not get calculated. The result is set to 0. The error was: b'Exception in thread "main" java.lang.NullPointerException\n'b'\tat org.jbpt.pm.quality.AbstractQualityMeasure.computeMeasure(AbstractQualityMeasure.java:159)\n'b'\tat org.jbpt.pm.tools.QualityMeasuresCLI.main(QualityMeasuresCLI.java:415)\n'
2021-07-06 10:52:52,361 [INFO] [MainThread] [apply_miner] entropia:Precision calculated: 0
